e:\vs2015\平时练习_\平时练习_\debug\vc140.pdb
e:\vs2015\平时练习_\平时练习_\debug\vc140.idb
e:\vs2015\平时练习_\平时练习_\debug\多态与虚函数.obj
e:\vs2015\平时练习_\平时练习_\debug\符号重载.obj
e:\vs2015\平时练习_\平时练习_\debug\运算符重载.obj
e:\vs2015\平时练习_\平时练习_\debug\构悉函数.obj
e:\vs2015\平时练习_\平时练习_\debug\xiangliang.obj
e:\vs2015\平时练习_\平时练习_\debug\练习.obj
e:\vs2015\平时练习_\平时练习_\debug\超大整数相加.obj
e:\vs2015\平时练习_\平时练习_\debug\hdu1004.obj
e:\vs2015\平时练习_\平时练习_\debug\map基本练习.obj
e:\vs2015\平时练习_\平时练习_\debug\顺序查找.obj
e:\vs2015\平时练习_\平时练习_\debug\二分查找法.obj
e:\vs2015\平时练习_\平时练习_\debug\acm1008.obj
e:\vs2015\平时练习_\平时练习_\debug\vecto.obj
e:\vs2015\平时练习_\debug\平时练习_.ilk
e:\vs2015\平时练习_\debug\平时练习_.exe
e:\vs2015\平时练习_\debug\平时练习_.pdb
e:\vs2015\平时练习_\平时练习_\debug\平时练习_.tlog\cl.command.1.tlog
e:\vs2015\平时练习_\平时练习_\debug\平时练习_.tlog\cl.read.1.tlog
e:\vs2015\平时练习_\平时练习_\debug\平时练习_.tlog\cl.write.1.tlog
e:\vs2015\平时练习_\平时练习_\debug\平时练习_.tlog\link.command.1.tlog
e:\vs2015\平时练习_\平时练习_\debug\平时练习_.tlog\link.read.1.tlog
e:\vs2015\平时练习_\平时练习_\debug\平时练习_.tlog\link.write.1.tlog
