e:\vs2015\数据结构与算法·练习\debug\数据结构与算法·练习.bsc
e:\vs2015\数据结构与算法·练习\数据结构与算法·练习\debug\vc140.pdb
e:\vs2015\数据结构与算法·练习\数据结构与算法·练习\debug\vc140.idb
e:\vs2015\数据结构与算法·练习\数据结构与算法·练习\debug\堆栈的顺序存储.obj
e:\vs2015\数据结构与算法·练习\数据结构与算法·练习\debug\栈动态分配内存.obj
e:\vs2015\数据结构与算法·练习\数据结构与算法·练习\debug\栈的链式.sbr
e:\vs2015\数据结构与算法·练习\数据结构与算法·练习\debug\栈的链式.obj
e:\vs2015\数据结构与算法·练习\数据结构与算法·练习\debug\数据结构第五次作业第一题.sbr
e:\vs2015\数据结构与算法·练习\数据结构与算法·练习\debug\数据结构第五次作业第一题.obj
e:\vs2015\数据结构与算法·练习\数据结构与算法·练习\debug\线性表链式10.11.sbr
e:\vs2015\数据结构与算法·练习\数据结构与算法·练习\debug\线性表链式10.11.obj
e:\vs2015\数据结构与算法·练习\数据结构与算法·练习\debug\带头结点的链表.sbr
e:\vs2015\数据结构与算法·练习\数据结构与算法·练习\debug\带头结点的链表.obj
e:\vs2015\数据结构与算法·练习\debug\数据结构与算法·练习.ilk
e:\vs2015\数据结构与算法·练习\debug\数据结构与算法·练习.exe
e:\vs2015\数据结构与算法·练习\debug\数据结构与算法·练习.pdb
e:\vs2015\数据结构与算法·练习\数据结构与算法·练习\debug\数据结构与算法·练习.tlog\bscmake.command.1.tlog
e:\vs2015\数据结构与算法·练习\数据结构与算法·练习\debug\数据结构与算法·练习.tlog\bscmake.read.1.tlog
e:\vs2015\数据结构与算法·练习\数据结构与算法·练习\debug\数据结构与算法·练习.tlog\bscmake.write.1.tlog
e:\vs2015\数据结构与算法·练习\数据结构与算法·练习\debug\数据结构与算法·练习.tlog\cl.command.1.tlog
e:\vs2015\数据结构与算法·练习\数据结构与算法·练习\debug\数据结构与算法·练习.tlog\cl.read.1.tlog
e:\vs2015\数据结构与算法·练习\数据结构与算法·练习\debug\数据结构与算法·练习.tlog\cl.write.1.tlog
e:\vs2015\数据结构与算法·练习\数据结构与算法·练习\debug\数据结构与算法·练习.tlog\link.command.1.tlog
e:\vs2015\数据结构与算法·练习\数据结构与算法·练习\debug\数据结构与算法·练习.tlog\link.read.1.tlog
e:\vs2015\数据结构与算法·练习\数据结构与算法·练习\debug\数据结构与算法·练习.tlog\link.write.1.tlog
